{"C:\\Users\\sandeep\\new_smart_parking_lot\\models\\parkingSpot.js": {"path":"C:\\Users\\sandeep\\new_smart_parking_lot\\models\\parkingSpot.js","statementMap":{"0":{"start":{"line":1,"column":17},"end":{"line":1,"column":36}},"1":{"start":{"line":2,"column":26},"end":{"line":24,"column":2}},"2":{"start":{"line":26,"column":0},"end":{"line":26,"column":66}}},"fnMap":{},"branchMap":{},"s":{"0":1,"1":1,"2":1},"f":{},"b":{},"_coverageSchema":"1a1c01bbd47fc00a2c39e90264f33305004495a9","hash":"9921927f6ed7fb2450da4295aa4cb55547cc09e1"}
}
