{"C:\\Users\\sandeep\\new_smart_parking_lot\\logger.js": {"path":"C:\\Users\\sandeep\\new_smart_parking_lot\\logger.js","statementMap":{"0":{"start":{"line":1,"column":16},"end":{"line":1,"column":34}},"1":{"start":{"line":3,"column":15},"end":{"line":10,"column":2}},"2":{"start":{"line":12,"column":0},"end":{"line":12,"column":24}}},"fnMap":{},"branchMap":{},"s":{"0":1,"1":1,"2":1},"f":{},"b":{},"_coverageSchema":"1a1c01bbd47fc00a2c39e90264f33305004495a9","hash":"7715595dab33bc3a34147d8c9561386e5458b904"}
,"C:\\Users\\sandeep\\new_smart_parking_lot\\socket.js": {"path":"C:\\Users\\sandeep\\new_smart_parking_lot\\socket.js","statementMap":{"0":{"start":{"line":1,"column":19},"end":{"line":1,"column":39}},"1":{"start":{"line":6,"column":19},"end":{"line":29,"column":1}},"2":{"start":{"line":7,"column":4},"end":{"line":12,"column":7}},"3":{"start":{"line":14,"column":4},"end":{"line":28,"column":7}},"4":{"start":{"line":15,"column":8},"end":{"line":15,"column":57}},"5":{"start":{"line":18,"column":8},"end":{"line":23,"column":17}},"6":{"start":{"line":19,"column":12},"end":{"line":22,"column":15}},"7":{"start":{"line":25,"column":8},"end":{"line":27,"column":11}},"8":{"start":{"line":26,"column":12},"end":{"line":26,"column":64}},"9":{"start":{"line":32,"column":14},"end":{"line":37,"column":1}},"10":{"start":{"line":33,"column":4},"end":{"line":35,"column":5}},"11":{"start":{"line":34,"column":8},"end":{"line":34,"column":54}},"12":{"start":{"line":36,"column":4},"end":{"line":36,"column":14}},"13":{"start":{"line":39,"column":0},"end":{"line":39,"column":39}}},"fnMap":{"0":{"name":"(anonymous_0)","decl":{"start":{"line":6,"column":19},"end":{"line":6,"column":20}},"loc":{"start":{"line":6,"column":31},"end":{"line":29,"column":1}},"line":6},"1":{"name":"(anonymous_1)","decl":{"start":{"line":14,"column":24},"end":{"line":14,"column":25}},"loc":{"start":{"line":14,"column":36},"end":{"line":28,"column":5}},"line":14},"2":{"name":"(anonymous_2)","decl":{"start":{"line":18,"column":20},"end":{"line":18,"column":21}},"loc":{"start":{"line":18,"column":26},"end":{"line":23,"column":9}},"line":18},"3":{"name":"(anonymous_3)","decl":{"start":{"line":25,"column":32},"end":{"line":25,"column":33}},"loc":{"start":{"line":25,"column":38},"end":{"line":27,"column":9}},"line":25},"4":{"name":"(anonymous_4)","decl":{"start":{"line":32,"column":14},"end":{"line":32,"column":15}},"loc":{"start":{"line":32,"column":20},"end":{"line":37,"column":1}},"line":32}},"branchMap":{"0":{"loc":{"start":{"line":33,"column":4},"end":{"line":35,"column":5}},"type":"if","locations":[{"start":{"line":33,"column":4},"end":{"line":35,"column":5}},{"start":{},"end":{}}],"line":33}},"s":{"0":2,"1":2,"2":0,"3":0,"4":0,"5":0,"6":0,"7":0,"8":0,"9":2,"10":0,"11":0,"12":0,"13":2},"f":{"0":0,"1":0,"2":0,"3":0,"4":0},"b":{"0":[0,0]},"_coverageSchema":"1a1c01bbd47fc00a2c39e90264f33305004495a9","hash":"d8f4da10cde0450b32413a6b9b4c1e91bdfd4842"}
,"C:\\Users\\sandeep\\new_smart_parking_lot\\controllers\\parkingSpotController.js": {"path":"C:\\Users\\sandeep\\new_smart_parking_lot\\controllers\\parkingSpotController.js","statementMap":{"0":{"start":{"line":1,"column":20},"end":{"line":1,"column":52}},"1":{"start":{"line":3,"column":23},"end":{"line":16,"column":1}},"2":{"start":{"line":4,"column":4},"end":{"line":15,"column":5}},"3":{"start":{"line":5,"column":54},"end":{"line":5,"column":62}},"4":{"start":{"line":6,"column":29},"end":{"line":6,"column":66}},"5":{"start":{"line":7,"column":8},"end":{"line":9,"column":9}},"6":{"start":{"line":8,"column":12},"end":{"line":8,"column":76}},"7":{"start":{"line":10,"column":24},"end":{"line":10,"column":78}},"8":{"start":{"line":11,"column":8},"end":{"line":11,"column":29}},"9":{"start":{"line":12,"column":8},"end":{"line":12,"column":69}},"10":{"start":{"line":14,"column":8},"end":{"line":14,"column":65}},"11":{"start":{"line":20,"column":24},"end":{"line":27,"column":1}},"12":{"start":{"line":21,"column":4},"end":{"line":26,"column":5}},"13":{"start":{"line":22,"column":22},"end":{"line":22,"column":46}},"14":{"start":{"line":23,"column":8},"end":{"line":23,"column":24}},"15":{"start":{"line":25,"column":8},"end":{"line":25,"column":65}},"16":{"start":{"line":29,"column":0},"end":{"line":29,"column":54}}},"fnMap":{"0":{"name":"(anonymous_0)","decl":{"start":{"line":3,"column":23},"end":{"line":3,"column":24}},"loc":{"start":{"line":3,"column":43},"end":{"line":16,"column":1}},"line":3},"1":{"name":"(anonymous_1)","decl":{"start":{"line":20,"column":24},"end":{"line":20,"column":25}},"loc":{"start":{"line":20,"column":44},"end":{"line":27,"column":1}},"line":20}},"branchMap":{"0":{"loc":{"start":{"line":7,"column":8},"end":{"line":9,"column":9}},"type":"if","locations":[{"start":{"line":7,"column":8},"end":{"line":9,"column":9}},{"start":{},"end":{}}],"line":7}},"s":{"0":1,"1":1,"2":3,"3":3,"4":3,"5":2,"6":1,"7":1,"8":1,"9":1,"10":1,"11":1,"12":2,"13":2,"14":1,"15":1,"16":1},"f":{"0":3,"1":2},"b":{"0":[1,1]},"_coverageSchema":"1a1c01bbd47fc00a2c39e90264f33305004495a9","hash":"976a6e50c56ad39ab5b79f9eddf92c6a41e452eb"}
,"C:\\Users\\sandeep\\new_smart_parking_lot\\controllers\\reservationController.js": {"path":"C:\\Users\\sandeep\\new_smart_parking_lot\\controllers\\reservationController.js","statementMap":{"0":{"start":{"line":1,"column":18},"end":{"line":1,"column":38}},"1":{"start":{"line":2,"column":17},"end":{"line":2,"column":36}},"2":{"start":{"line":3,"column":20},"end":{"line":3,"column":52}},"3":{"start":{"line":5,"column":21},"end":{"line":37,"column":1}},"4":{"start":{"line":6,"column":20},"end":{"line":6,"column":49}},"5":{"start":{"line":7,"column":4},"end":{"line":7,"column":31}},"6":{"start":{"line":9,"column":4},"end":{"line":36,"column":5}},"7":{"start":{"line":10,"column":57},"end":{"line":10,"column":65}},"8":{"start":{"line":11,"column":27},"end":{"line":11,"column":66}},"9":{"start":{"line":13,"column":21},"end":{"line":17,"column":9}},"10":{"start":{"line":19,"column":8},"end":{"line":21,"column":9}},"11":{"start":{"line":20,"column":12},"end":{"line":20,"column":50}},"12":{"start":{"line":23,"column":8},"end":{"line":23,"column":42}},"13":{"start":{"line":24,"column":8},"end":{"line":24,"column":29}},"14":{"start":{"line":27,"column":19},"end":{"line":27,"column":26}},"15":{"start":{"line":28,"column":8},"end":{"line":28,"column":84}},"16":{"start":{"line":30,"column":8},"end":{"line":30,"column":108}},"17":{"start":{"line":32,"column":8},"end":{"line":32,"column":41}},"18":{"start":{"line":33,"column":8},"end":{"line":33,"column":29}},"19":{"start":{"line":35,"column":8},"end":{"line":35,"column":57}},"20":{"start":{"line":39,"column":0},"end":{"line":39,"column":34}}},"fnMap":{"0":{"name":"(anonymous_0)","decl":{"start":{"line":5,"column":21},"end":{"line":5,"column":22}},"loc":{"start":{"line":5,"column":41},"end":{"line":37,"column":1}},"line":5}},"branchMap":{"0":{"loc":{"start":{"line":19,"column":8},"end":{"line":21,"column":9}},"type":"if","locations":[{"start":{"line":19,"column":8},"end":{"line":21,"column":9}},{"start":{},"end":{}}],"line":19}},"s":{"0":1,"1":1,"2":1,"3":1,"4":4,"5":4,"6":4,"7":4,"8":4,"9":4,"10":3,"11":1,"12":2,"13":2,"14":2,"15":2,"16":2,"17":2,"18":2,"19":2,"20":1},"f":{"0":4},"b":{"0":[1,2]},"_coverageSchema":"1a1c01bbd47fc00a2c39e90264f33305004495a9","hash":"4707cad70570f12591217e8f18c150d8573d51f4"}
,"C:\\Users\\sandeep\\new_smart_parking_lot\\controllers\\vehicleEntryController.js": {"path":"C:\\Users\\sandeep\\new_smart_parking_lot\\controllers\\vehicleEntryController.js","statementMap":{"0":{"start":{"line":2,"column":20},"end":{"line":2,"column":58}},"1":{"start":{"line":3,"column":28},"end":{"line":3,"column":67}},"2":{"start":{"line":4,"column":15},"end":{"line":4,"column":35}},"3":{"start":{"line":5,"column":18},"end":{"line":5,"column":38}},"4":{"start":{"line":7,"column":21},"end":{"line":53,"column":1}},"5":{"start":{"line":8,"column":4},"end":{"line":52,"column":5}},"6":{"start":{"line":9,"column":47},"end":{"line":9,"column":55}},"7":{"start":{"line":12,"column":23},"end":{"line":12,"column":61}},"8":{"start":{"line":14,"column":8},"end":{"line":16,"column":9}},"9":{"start":{"line":15,"column":12},"end":{"line":15,"column":69}},"10":{"start":{"line":18,"column":32},"end":{"line":18,"column":38}},"11":{"start":{"line":21,"column":28},"end":{"line":27,"column":10}},"12":{"start":{"line":29,"column":8},"end":{"line":29,"column":33}},"13":{"start":{"line":31,"column":8},"end":{"line":31,"column":87}},"14":{"start":{"line":34,"column":19},"end":{"line":34,"column":26}},"15":{"start":{"line":35,"column":8},"end":{"line":40,"column":11}},"16":{"start":{"line":42,"column":8},"end":{"line":47,"column":11}},"17":{"start":{"line":50,"column":8},"end":{"line":50,"column":65}},"18":{"start":{"line":51,"column":8},"end":{"line":51,"column":67}},"19":{"start":{"line":55,"column":0},"end":{"line":55,"column":34}}},"fnMap":{"0":{"name":"(anonymous_0)","decl":{"start":{"line":7,"column":21},"end":{"line":7,"column":22}},"loc":{"start":{"line":7,"column":41},"end":{"line":53,"column":1}},"line":7}},"branchMap":{"0":{"loc":{"start":{"line":14,"column":8},"end":{"line":16,"column":9}},"type":"if","locations":[{"start":{"line":14,"column":8},"end":{"line":16,"column":9}},{"start":{},"end":{}}],"line":14}},"s":{"0":1,"1":1,"2":1,"3":1,"4":1,"5":3,"6":3,"7":3,"8":2,"9":1,"10":1,"11":1,"12":1,"13":1,"14":1,"15":1,"16":1,"17":1,"18":1,"19":1},"f":{"0":3},"b":{"0":[1,1]},"_coverageSchema":"1a1c01bbd47fc00a2c39e90264f33305004495a9","hash":"35908c58d850514b25350e8910b95b29a34bbc3c"}
,"C:\\Users\\sandeep\\new_smart_parking_lot\\models\\TransactionSchema.js": {"path":"C:\\Users\\sandeep\\new_smart_parking_lot\\models\\TransactionSchema.js","statementMap":{"0":{"start":{"line":1,"column":17},"end":{"line":1,"column":36}},"1":{"start":{"line":3,"column":26},"end":{"line":30,"column":2}},"2":{"start":{"line":32,"column":0},"end":{"line":32,"column":66}}},"fnMap":{},"branchMap":{},"s":{"0":2,"1":2,"2":2},"f":{},"b":{},"_coverageSchema":"1a1c01bbd47fc00a2c39e90264f33305004495a9","hash":"152b5c9e1fca2ec954d51c92feb7febf2d057191"}
,"C:\\Users\\sandeep\\new_smart_parking_lot\\models\\parkingSpot.js": {"path":"C:\\Users\\sandeep\\new_smart_parking_lot\\models\\parkingSpot.js","statementMap":{"0":{"start":{"line":1,"column":17},"end":{"line":1,"column":36}},"1":{"start":{"line":2,"column":26},"end":{"line":24,"column":2}},"2":{"start":{"line":26,"column":0},"end":{"line":26,"column":66}}},"fnMap":{},"branchMap":{},"s":{"0":5,"1":5,"2":5},"f":{},"b":{},"_coverageSchema":"1a1c01bbd47fc00a2c39e90264f33305004495a9","hash":"9921927f6ed7fb2450da4295aa4cb55547cc09e1"}
,"C:\\Users\\sandeep\\new_smart_parking_lot\\utils\\allocateParkingSpot.js": {"path":"C:\\Users\\sandeep\\new_smart_parking_lot\\utils\\allocateParkingSpot.js","statementMap":{"0":{"start":{"line":1,"column":17},"end":{"line":1,"column":36}},"1":{"start":{"line":2,"column":20},"end":{"line":2,"column":52}},"2":{"start":{"line":3,"column":15},"end":{"line":3,"column":35}},"3":{"start":{"line":5,"column":28},"end":{"line":65,"column":1}},"4":{"start":{"line":6,"column":20},"end":{"line":6,"column":49}},"5":{"start":{"line":7,"column":4},"end":{"line":7,"column":31}},"6":{"start":{"line":9,"column":4},"end":{"line":64,"column":5}},"7":{"start":{"line":10,"column":29},"end":{"line":10,"column":31}},"8":{"start":{"line":11,"column":8},"end":{"line":17,"column":9}},"9":{"start":{"line":12,"column":12},"end":{"line":12,"column":58}},"10":{"start":{"line":13,"column":15},"end":{"line":17,"column":9}},"11":{"start":{"line":14,"column":12},"end":{"line":14,"column":44}},"12":{"start":{"line":15,"column":15},"end":{"line":17,"column":9}},"13":{"start":{"line":16,"column":12},"end":{"line":16,"column":37}},"14":{"start":{"line":19,"column":20},"end":{"line":19,"column":30}},"15":{"start":{"line":22,"column":21},"end":{"line":33,"column":9}},"16":{"start":{"line":35,"column":8},"end":{"line":38,"column":9}},"17":{"start":{"line":36,"column":12},"end":{"line":36,"column":79}},"18":{"start":{"line":37,"column":12},"end":{"line":37,"column":51}},"19":{"start":{"line":41,"column":23},"end":{"line":41,"column":24}},"20":{"start":{"line":42,"column":8},"end":{"line":48,"column":9}},"21":{"start":{"line":43,"column":12},"end":{"line":43,"column":26}},"22":{"start":{"line":44,"column":15},"end":{"line":48,"column":9}},"23":{"start":{"line":45,"column":12},"end":{"line":45,"column":26}},"24":{"start":{"line":46,"column":15},"end":{"line":48,"column":9}},"25":{"start":{"line":47,"column":12},"end":{"line":47,"column":26}},"26":{"start":{"line":50,"column":27},"end":{"line":50,"column":56}},"27":{"start":{"line":51,"column":20},"end":{"line":51,"column":43}},"28":{"start":{"line":53,"column":8},"end":{"line":53,"column":42}},"29":{"start":{"line":54,"column":8},"end":{"line":54,"column":29}},"30":{"start":{"line":56,"column":8},"end":{"line":56,"column":91}},"31":{"start":{"line":58,"column":8},"end":{"line":58,"column":59}},"32":{"start":{"line":60,"column":8},"end":{"line":60,"column":41}},"33":{"start":{"line":61,"column":8},"end":{"line":61,"column":29}},"34":{"start":{"line":62,"column":8},"end":{"line":62,"column":67}},"35":{"start":{"line":63,"column":8},"end":{"line":63,"column":58}},"36":{"start":{"line":66,"column":0},"end":{"line":66,"column":37}}},"fnMap":{"0":{"name":"(anonymous_0)","decl":{"start":{"line":5,"column":28},"end":{"line":5,"column":29}},"loc":{"start":{"line":5,"column":51},"end":{"line":65,"column":1}},"line":5}},"branchMap":{"0":{"loc":{"start":{"line":11,"column":8},"end":{"line":17,"column":9}},"type":"if","locations":[{"start":{"line":11,"column":8},"end":{"line":17,"column":9}},{"start":{"line":13,"column":15},"end":{"line":17,"column":9}}],"line":11},"1":{"loc":{"start":{"line":13,"column":15},"end":{"line":17,"column":9}},"type":"if","locations":[{"start":{"line":13,"column":15},"end":{"line":17,"column":9}},{"start":{"line":15,"column":15},"end":{"line":17,"column":9}}],"line":13},"2":{"loc":{"start":{"line":15,"column":15},"end":{"line":17,"column":9}},"type":"if","locations":[{"start":{"line":15,"column":15},"end":{"line":17,"column":9}},{"start":{},"end":{}}],"line":15},"3":{"loc":{"start":{"line":35,"column":8},"end":{"line":38,"column":9}},"type":"if","locations":[{"start":{"line":35,"column":8},"end":{"line":38,"column":9}},{"start":{},"end":{}}],"line":35},"4":{"loc":{"start":{"line":42,"column":8},"end":{"line":48,"column":9}},"type":"if","locations":[{"start":{"line":42,"column":8},"end":{"line":48,"column":9}},{"start":{"line":44,"column":15},"end":{"line":48,"column":9}}],"line":42},"5":{"loc":{"start":{"line":44,"column":15},"end":{"line":48,"column":9}},"type":"if","locations":[{"start":{"line":44,"column":15},"end":{"line":48,"column":9}},{"start":{"line":46,"column":15},"end":{"line":48,"column":9}}],"line":44},"6":{"loc":{"start":{"line":46,"column":15},"end":{"line":48,"column":9}},"type":"if","locations":[{"start":{"line":46,"column":15},"end":{"line":48,"column":9}},{"start":{},"end":{}}],"line":46},"7":{"loc":{"start":{"line":50,"column":27},"end":{"line":50,"column":56}},"type":"cond-expr","locations":[{"start":{"line":50,"column":49},"end":{"line":50,"column":50}},{"start":{"line":50,"column":53},"end":{"line":50,"column":56}}],"line":50}},"s":{"0":1,"1":1,"2":1,"3":1,"4":0,"5":0,"6":0,"7":0,"8":0,"9":0,"10":0,"11":0,"12":0,"13":0,"14":0,"15":0,"16":0,"17":0,"18":0,"19":0,"20":0,"21":0,"22":0,"23":0,"24":0,"25":0,"26":0,"27":0,"28":0,"29":0,"30":0,"31":0,"32":0,"33":0,"34":0,"35":0,"36":1},"f":{"0":0},"b":{"0":[0,0],"1":[0,0],"2":[0,0],"3":[0,0],"4":[0,0],"5":[0,0],"6":[0,0],"7":[0,0]},"_coverageSchema":"1a1c01bbd47fc00a2c39e90264f33305004495a9","hash":"7971d88b7e7e9154dd5352728235ffc4ed807ac2"}
}
